18:20:22 **** Rebuild of configuration Debug for project TP_[1] ****
Info: Internal Builder is used for build
gcc -O0 -g3 -Wall -c -fmessage-length=0 -o tp1bibliotecaP.o "..\\tp1bibliotecaP.c" 
gcc -O0 -g3 -Wall -c -fmessage-length=0 -o TP_[1].o "..\\TP_[1].c" 
..\TP_[1].c: In function 'main':
..\TP_[1].c:98:9: warning: implicit declaration of function 'ValidarNumero' [-Wimplicit-function-declaration]
     n = ValidarNumero(validacion);
         ^~~~~~~~~~~~~
..\TP_[1].c:149:15: warning: implicit declaration of function 'Sumar1' [-Wimplicit-function-declaration]
     sumaUno = Sumar1(numeroUno, numeroDOS);  // suma.
               ^~~~~~
..\TP_[1].c:150:16: warning: implicit declaration of function 'calcularResta' [-Wimplicit-function-declaration]
     restaUno = calcularResta(numeroUno, numeroDOS); // division.
                ^~~~~~~~~~~~~
..\TP_[1].c:151:25: warning: implicit declaration of function 'calcularMultiplicacion' [-Wimplicit-function-declaration]
     multiplicacionUno = calcularMultiplicacion(
                         ^~~~~~~~~~~~~~~~~~~~~~
..\TP_[1].c:153:19: warning: implicit declaration of function 'calcularDiv' [-Wimplicit-function-declaration]
     divisionUno = calcularDiv(numeroUno, numeroDOS); //division
                   ^~~~~~~~~~~
..\TP_[1].c:154:24: warning: implicit declaration of function 'calcularFactorial' [-Wimplicit-function-declaration]
     factorizacionUno = calcularFactorial(numeroUno); // fatorial numeroUNO
                        ^~~~~~~~~~~~~~~~~
gcc -o TP_[1].exe TP_[1].o tp1bibliotecaP.o 
Info: Nothing to build for TP_[1]
18:22:57 **** Incremental Build of configuration Debug for project TP_[1] ****
Info: Internal Builder is used for build
gcc -O0 -g3 -Wall -c -fmessage-length=0 -o tp1bibliotecaP.o "..\\tp1bibliotecaP.c" 
gcc -O0 -g3 -Wall -c -fmessage-length=0 -o TP_[1].o "..\\TP_[1].c" 
gcc -o TP_[1].exe TP_[1].o tp1bibliotecaP.o 
Info: Nothing to build for TP_[1]
18:26:18 **** Incremental Build of configuration Debug for project TP_[1] ****
Info: Internal Builder is used for build
gcc -O0 -g3 -Wall -c -fmessage-length=0 -o TP_[1].o "..\\TP_[1].c" 
gcc -o TP_[1].exe TP_[1].o tp1bibliotecaP.o 
c:/mingw/bin/../lib/gcc/mingw32/6.3.0/../../../../mingw32/bin/ld.exe: cannot open output file TP_[1].exe: Permission denied
collect2.exe: error: ld returned 1 exit status
18:26:27 **** Incremental Build of configuration Debug for project TP_[1] ****
Info: Internal Builder is used for build
gcc -o TP_[1].exe TP_[1].o tp1bibliotecaP.o 
c:/mingw/bin/../lib/gcc/mingw32/6.3.0/../../../../mingw32/bin/ld.exe: cannot open output file TP_[1].exe: Permission denied
collect2.exe: error: ld returned 1 exit status
18:26:32 **** Incremental Build of configuration Debug for project TP_[1] ****
Info: Internal Builder is used for build
gcc -o TP_[1].exe TP_[1].o tp1bibliotecaP.o 
18:47:20 **** Incremental Build of configuration Debug for project TP_[1] ****
Info: Internal Builder is used for build
gcc -O0 -g3 -Wall -c -fmessage-length=0 -o tp1bibliotecaP.o "..\\tp1bibliotecaP.c" 
gcc -O0 -g3 -Wall -c -fmessage-length=0 -o TP_[1].o "..\\TP_[1].c" 
..\TP_[1].c: In function 'main':
..\TP_[1].c:154:13: warning: 'numeroUno' may be used uninitialized in this function [-Wmaybe-uninitialized]
     sumaUno = Sumar1(numeroUno, numeroDOS);  // suma.
     ~~~~~~~~^~~~~~~~~~~~~~~~~~~~~~~~~~~~~~
gcc -o TP_[1].exe TP_[1].o tp1bibliotecaP.o 
Info: Nothing to build for TP_[1]
18:48:44 **** Incremental Build of configuration Debug for project TP_[1] ****
Info: Internal Builder is used for build
gcc -O0 -g3 -Wall -c -fmessage-length=0 -o TP_[1].o "..\\TP_[1].c" 
..\TP_[1].c: In function 'main':
..\TP_[1].c:155:13: warning: 'numeroUno' may be used uninitialized in this function [-Wmaybe-uninitialized]
     sumaUno = Sumar1(numeroUno, numeroDOS);  // suma.
     ~~~~~~~~^~~~~~~~~~~~~~~~~~~~~~~~~~~~~~
gcc -o TP_[1].exe TP_[1].o tp1bibliotecaP.o 
Info: Nothing to build for TP_[1]
18:49:16 **** Incremental Build of configuration Debug for project TP_[1] ****
Info: Internal Builder is used for build
gcc -O0 -g3 -Wall -c -fmessage-length=0 -o TP_[1].o "..\\TP_[1].c" 
..\TP_[1].c: In function 'main':
..\TP_[1].c:155:13: warning: 'numeroUno' may be used uninitialized in this function [-Wmaybe-uninitialized]
     sumaUno = Sumar1(numeroUno, numeroDOS);  // suma.
     ~~~~~~~~^~~~~~~~~~~~~~~~~~~~~~~~~~~~~~
gcc -o TP_[1].exe TP_[1].o tp1bibliotecaP.o 
Info: Nothing to build for TP_[1]
Info: Nothing to build for TP_[1]
Info: Nothing to build for TP_[1]
18:50:11 **** Incremental Build of configuration Debug for project TP_[1] ****
Info: Internal Builder is used for build
gcc -O0 -g3 -Wall -c -fmessage-length=0 -o TP_[1].o "..\\TP_[1].c" 
..\TP_[1].c: In function 'main':
..\TP_[1].c:155:13: warning: 'numeroUno' may be used uninitialized in this function [-Wmaybe-uninitialized]
     sumaUno = Sumar1(numeroUno, numeroDOS);  // suma.
     ~~~~~~~~^~~~~~~~~~~~~~~~~~~~~~~~~~~~~~
gcc -o TP_[1].exe TP_[1].o tp1bibliotecaP.o 
c:/mingw/bin/../lib/gcc/mingw32/6.3.0/../../../../mingw32/bin/ld.exe: cannot open output file TP_[1].exe: Permission denied
collect2.exe: error: ld returned 1 exit status
18:50:16 **** Incremental Build of configuration Debug for project TP_[1] ****
Info: Internal Builder is used for build
gcc -o TP_[1].exe TP_[1].o tp1bibliotecaP.o 
00:27:59 **** Rebuild of configuration Debug for project TP_[1] ****
Info: Internal Builder is used for build
gcc -O0 -g3 -Wall -c -fmessage-length=0 -o TP_[1].o "..\\TP_[1].c" 
..\TP_[1].c: In function 'main':
..\TP_[1].c:62:31: error: 'numeros' undeclared (first use in this function)
        "1. ingresado A=%f\n", numeros[0]);
                               ^~~~~~~
..\TP_[1].c:62:31: note: each undeclared identifier is reported only once for each function it appears in
00:29:04 **** Incremental Build of configuration Debug for project TP_[1] ****
Info: Internal Builder is used for build
gcc -O0 -g3 -Wall -c -fmessage-length=0 -o TP_[1].o "..\\TP_[1].c" 
gcc -o TP_[1].exe TP_[1].o tp1bibliotecaP.o 
Info: Nothing to build for TP_[1]
Info: Nothing to build for TP_[1]
00:29:31 **** Incremental Build of configuration Debug for project TP_[1] ****
Info: Internal Builder is used for build
gcc -O0 -g3 -Wall -c -fmessage-length=0 -o TP_[1].o "..\\TP_[1].c" 
gcc -o TP_[1].exe TP_[1].o tp1bibliotecaP.o 
Info: Nothing to build for TP_[1]
00:34:12 **** Incremental Build of configuration Debug for project TP_[1] ****
Info: Internal Builder is used for build
gcc -O0 -g3 -Wall -c -fmessage-length=0 -o TP_[1].o "..\\TP_[1].c" 
gcc -o TP_[1].exe TP_[1].o tp1bibliotecaP.o 
c:/mingw/bin/../lib/gcc/mingw32/6.3.0/../../../../mingw32/bin/ld.exe: cannot open output file TP_[1].exe: Permission denied
collect2.exe: error: ld returned 1 exit status
00:34:17 **** Incremental Build of configuration Debug for project TP_[1] ****
Info: Internal Builder is used for build
gcc -o TP_[1].exe TP_[1].o tp1bibliotecaP.o 
Info: Nothing to build for TP_[1]
00:46:37 **** Incremental Build of configuration Debug for project TP_[1] ****
Info: Internal Builder is used for build
gcc -O0 -g3 -Wall -c -fmessage-length=0 -o tp1bibliotecaP.o "..\\tp1bibliotecaP.c" 
gcc -O0 -g3 -Wall -c -fmessage-length=0 -o TP_[1].o "..\\TP_[1].c" 
..\TP_[1].c: In function 'main':
..\TP_[1].c:86:13: warning: format '%f' expects argument of type 'float *', but argument 2 has type 'double' [-Wformat=]
     scanf("%f",numeroUno);
             ^
..\TP_[1].c:154:30: warning: format '%d' expects argument of type 'int', but argument 2 has type 'double' [-Wformat=]
     printf("El resultado de %d+%d es: %d\n"
                              ^
..\TP_[1].c:154:12: warning: format '%d' expects argument of type 'int', but argument 5 has type 'double' [-Wformat=]
     printf("El resultado de %d+%d es: %d\n"
            ^~~~~~~~~~~~~~~~~~~~~~~~~~~~~~~~
..\TP_[1].c:154:12: warning: format '%d' expects argument of type 'int', but argument 8 has type 'double' [-Wformat=]
..\TP_[1].c:162:31: warning: format '%d' expects argument of type 'int', but argument 2 has type 'double' [-Wformat=]
      printf("El resultado de %d/%d es: %.2f\n", numeroUno,
                               ^
..\TP_[1].c:167:25: warning: format '%d' expects argument of type 'int', but argument 2 has type 'double' [-Wformat=]
       "El factorial de %d es: %d y El factorial de %d es: %d \n",
                         ^
..\TP_[1].c:53:4: warning: 'numeroUno' may be used uninitialized in this function [-Wmaybe-uninitialized]
    printf("\n"
    ^~~~~~~~~~~
      "\n"
      ~~~~
      "\n"
      ~~~~
      "1. ingresado A=%f\n", numeroUno);
      ~~~~~~~~~~~~~~~~~~~~~~~~~~~~~~~~~
gcc -o TP_[1].exe TP_[1].o tp1bibliotecaP.o 
c:/mingw/bin/../lib/gcc/mingw32/6.3.0/../../../../mingw32/bin/ld.exe: cannot open output file TP_[1].exe: Permission denied
collect2.exe: error: ld returned 1 exit status
00:46:45 **** Incremental Build of configuration Debug for project TP_[1] ****
Info: Internal Builder is used for build
gcc -o TP_[1].exe TP_[1].o tp1bibliotecaP.o 
c:/mingw/bin/../lib/gcc/mingw32/6.3.0/../../../../mingw32/bin/ld.exe: cannot open output file TP_[1].exe: Permission denied
collect2.exe: error: ld returned 1 exit status
00:46:55 **** Incremental Build of configuration Debug for project TP_[1] ****
Info: Internal Builder is used for build
gcc -o TP_[1].exe TP_[1].o tp1bibliotecaP.o 
Info: Nothing to build for TP_[1]
00:47:58 **** Incremental Build of configuration Debug for project TP_[1] ****
Info: Internal Builder is used for build
gcc -O0 -g3 -Wall -c -fmessage-length=0 -o TP_[1].o "..\\TP_[1].c" 
..\TP_[1].c: In function 'main':
..\TP_[1].c:154:30: warning: format '%d' expects argument of type 'int', but argument 2 has type 'double' [-Wformat=]
     printf("El resultado de %d+%d es: %d\n"
                              ^
..\TP_[1].c:154:12: warning: format '%d' expects argument of type 'int', but argument 5 has type 'double' [-Wformat=]
     printf("El resultado de %d+%d es: %d\n"
            ^~~~~~~~~~~~~~~~~~~~~~~~~~~~~~~~
..\TP_[1].c:154:12: warning: format '%d' expects argument of type 'int', but argument 8 has type 'double' [-Wformat=]
..\TP_[1].c:162:31: warning: format '%d' expects argument of type 'int', but argument 2 has type 'double' [-Wformat=]
      printf("El resultado de %d/%d es: %.2f\n", numeroUno,
                               ^
..\TP_[1].c:167:25: warning: format '%d' expects argument of type 'int', but argument 2 has type 'double' [-Wformat=]
       "El factorial de %d es: %d y El factorial de %d es: %d \n",
                         ^
gcc -o TP_[1].exe TP_[1].o tp1bibliotecaP.o 
00:48:31 **** Incremental Build of configuration Debug for project TP_[1] ****
Info: Internal Builder is used for build
gcc -O0 -g3 -Wall -c -fmessage-length=0 -o TP_[1].o "..\\TP_[1].c" 
..\TP_[1].c: In function 'main':
..\TP_[1].c:162:31: warning: format '%d' expects argument of type 'int', but argument 2 has type 'double' [-Wformat=]
      printf("El resultado de %d/%d es: %.2f\n", numeroUno,
                               ^
..\TP_[1].c:167:25: warning: format '%d' expects argument of type 'int', but argument 2 has type 'double' [-Wformat=]
       "El factorial de %d es: %d y El factorial de %d es: %d \n",
                         ^
gcc -o TP_[1].exe TP_[1].o tp1bibliotecaP.o 
00:48:43 **** Incremental Build of configuration Debug for project TP_[1] ****
Info: Internal Builder is used for build
gcc -O0 -g3 -Wall -c -fmessage-length=0 -o TP_[1].o "..\\TP_[1].c" 
..\TP_[1].c: In function 'main':
..\TP_[1].c:167:25: warning: format '%d' expects argument of type 'int', but argument 2 has type 'double' [-Wformat=]
       "El factorial de %d es: %d y El factorial de %d es: %d \n",
                         ^
gcc -o TP_[1].exe TP_[1].o tp1bibliotecaP.o 
00:48:52 **** Incremental Build of configuration Debug for project TP_[1] ****
Info: Internal Builder is used for build
gcc -O0 -g3 -Wall -c -fmessage-length=0 -o TP_[1].o "..\\TP_[1].c" 
gcc -o TP_[1].exe TP_[1].o tp1bibliotecaP.o 
Info: Nothing to build for TP_[1]
Info: Nothing to build for TP_[1]
Info: Nothing to build for TP_[1]
Info: Nothing to build for TP_[1]
Info: Nothing to build for TP_[1]
00:53:22 **** Incremental Build of configuration Debug for project TP_[1] ****
Info: Internal Builder is used for build
gcc -O0 -g3 -Wall -c -fmessage-length=0 -o TP_[1].o "..\\TP_[1].c" 
..\TP_[1].c: In function 'main':
..\TP_[1].c:78:11: error: switch quantity not an integer
   switch (opcion)
           ^~~~~~
00:54:09 **** Incremental Build of configuration Debug for project TP_[1] ****
Info: Internal Builder is used for build
gcc -O0 -g3 -Wall -c -fmessage-length=0 -o TP_[1].o "..\\TP_[1].c" 
gcc -o TP_[1].exe TP_[1].o tp1bibliotecaP.o 
c:/mingw/bin/../lib/gcc/mingw32/6.3.0/../../../../mingw32/bin/ld.exe: cannot open output file TP_[1].exe: Permission denied
collect2.exe: error: ld returned 1 exit status
00:54:14 **** Incremental Build of configuration Debug for project TP_[1] ****
Info: Internal Builder is used for build
gcc -o TP_[1].exe TP_[1].o tp1bibliotecaP.o 
00:55:41 **** Incremental Build of configuration Debug for project TP_[1] ****
Info: Internal Builder is used for build
gcc -O0 -g3 -Wall -c -fmessage-length=0 -o TP_[1].o "..\\TP_[1].c" 
..\TP_[1].c: In function 'main':
..\TP_[1].c:78:11: error: switch quantity not an integer
   switch (opcion)
           ^~~~~~
01:00:14 **** Incremental Build of configuration Debug for project TP_[1] ****
Info: Internal Builder is used for build
gcc -O0 -g3 -Wall -c -fmessage-length=0 -o TP_[1].o "..\\TP_[1].c" 
gcc -o TP_[1].exe TP_[1].o tp1bibliotecaP.o 
Info: Nothing to build for TP_[1]
Info: Nothing to build for TP_[1]
01:02:12 **** Incremental Build of configuration Debug for project TP_[1] ****
Info: Internal Builder is used for build
gcc -O0 -g3 -Wall -c -fmessage-length=0 -o TP_[1].o "..\\TP_[1].c" 
gcc -o TP_[1].exe TP_[1].o tp1bibliotecaP.o 
c:/mingw/bin/../lib/gcc/mingw32/6.3.0/../../../../mingw32/bin/ld.exe: cannot open output file TP_[1].exe: Permission denied
collect2.exe: error: ld returned 1 exit status
01:02:16 **** Incremental Build of configuration Debug for project TP_[1] ****
Info: Internal Builder is used for build
gcc -o TP_[1].exe TP_[1].o tp1bibliotecaP.o 
Info: Nothing to build for TP_[1]
Info: Nothing to build for TP_[1]
08:15:29 **** Incremental Build of configuration Debug for project TP_[1] ****
Info: Internal Builder is used for build
gcc -O0 -g3 -Wall -c -fmessage-length=0 -o TP_[1].o "..\\TP_[1].c" 
..\TP_[1].c: In function 'main':
..\TP_[1].c:84:11: error: switch quantity not an integer
   switch (opcion)
           ^~~~~~
08:16:31 **** Incremental Build of configuration Debug for project TP_[1] ****
Info: Internal Builder is used for build
gcc -O0 -g3 -Wall -c -fmessage-length=0 -o TP_[1].o "..\\TP_[1].c" 
..\TP_[1].c: In function 'main':
..\TP_[1].c:85:3: warning: 'opcion1' is used uninitialized in this function [-Wuninitialized]
   switch (opcion1)
   ^~~~~~
gcc -o TP_[1].exe TP_[1].o tp1bibliotecaP.o 
Info: Nothing to build for TP_[1]
Info: Nothing to build for TP_[1]
08:21:02 **** Incremental Build of configuration Debug for project TP_[1] ****
Info: Internal Builder is used for build
gcc -O0 -g3 -Wall -c -fmessage-length=0 -o TP_[1].o "..\\TP_[1].c" 
..\TP_[1].c: In function 'main':
..\TP_[1].c:86:19: error: incompatible type for argument 1 of 'atoi'
    opcion1 = atoi(opcion);
                   ^~~~~~
In file included from ..\TP_[1].c:18:0:
c:\mingw\include\stdlib.h:335:38: note: expected 'const char *' but argument is of type 'float'
 _CRTIMP __cdecl __MINGW_NOTHROW  int atoi (const char *);
                                      ^~~~
08:21:35 **** Incremental Build of configuration Debug for project TP_[1] ****
Info: Internal Builder is used for build
gcc -O0 -g3 -Wall -c -fmessage-length=0 -o TP_[1].o "..\\TP_[1].c" 
gcc -o TP_[1].exe TP_[1].o tp1bibliotecaP.o 
c:/mingw/bin/../lib/gcc/mingw32/6.3.0/../../../../mingw32/bin/ld.exe: cannot open output file TP_[1].exe: Permission denied
collect2.exe: error: ld returned 1 exit status
08:21:41 **** Incremental Build of configuration Debug for project TP_[1] ****
Info: Internal Builder is used for build
gcc -o TP_[1].exe TP_[1].o tp1bibliotecaP.o 
Info: Nothing to build for TP_[1]
Info: Nothing to build for TP_[1]
08:29:22 **** Incremental Build of configuration Debug for project TP_[1] ****
Info: Internal Builder is used for build
gcc -O0 -g3 -Wall -c -fmessage-length=0 -o tp1bibliotecaP.o "..\\tp1bibliotecaP.c" 
..\tp1bibliotecaP.c: In function 'ValidarNumero':
..\tp1bibliotecaP.c:25:11: warning: return makes integer from pointer without a cast [-Wint-conversion]
    return numero;
           ^~~~~~
gcc -O0 -g3 -Wall -c -fmessage-length=0 -o TP_[1].o "..\\TP_[1].c" 
..\TP_[1].c: In function 'main':
..\TP_[1].c:81:12: warning: format '%s' expects argument of type 'char *', but argument 2 has type 'char (*)[5]' [-Wformat=]
    scanf("%s", &opcion);
            ^
..\TP_[1].c:82:10: error: assignment to expression with array type
    opcion=ValidarNumero(opcion);
          ^
..\TP_[1].c:85:15: warning: comparison between pointer and integer
   while(opcion!=5 &&opcion!=4 &&opcion!=3 &&opcion!=2 &&opcion!=1);
               ^~
..\TP_[1].c:85:27: warning: comparison between pointer and integer
   while(opcion!=5 &&opcion!=4 &&opcion!=3 &&opcion!=2 &&opcion!=1);
                           ^~
..\TP_[1].c:85:39: warning: comparison between pointer and integer
   while(opcion!=5 &&opcion!=4 &&opcion!=3 &&opcion!=2 &&opcion!=1);
                                       ^~
..\TP_[1].c:85:51: warning: comparison between pointer and integer
   while(opcion!=5 &&opcion!=4 &&opcion!=3 &&opcion!=2 &&opcion!=1);
                                                   ^~
..\TP_[1].c:85:63: warning: comparison between pointer and integer
   while(opcion!=5 &&opcion!=4 &&opcion!=3 &&opcion!=2 &&opcion!=1);
                                                               ^~
..\TP_[1].c:88:12: warning: assignment makes integer from pointer without a cast [-Wint-conversion]
    opcion1 =opcion;
            ^
..\TP_[1].c:203:18: warning: comparison between pointer and integer
  } while (opcion != 5);
                  ^~
08:30:08 **** Incremental Build of configuration Debug for project TP_[1] ****
Info: Internal Builder is used for build
gcc -O0 -g3 -Wall -c -fmessage-length=0 -o TP_[1].o "..\\TP_[1].c" 
..\TP_[1].c: In function 'main':
..\TP_[1].c:81:12: warning: format '%s' expects argument of type 'char *', but argument 2 has type 'char (*)[5]' [-Wformat=]
    scanf("%s", &validacion);
            ^
..\TP_[1].c:82:10: error: assignment to expression with array type
    opcion=ValidarNumero(validacion);
          ^
..\TP_[1].c:85:15: warning: comparison between pointer and integer
   while(opcion!=5 &&opcion!=4 &&opcion!=3 &&opcion!=2 &&opcion!=1);
               ^~
..\TP_[1].c:85:27: warning: comparison between pointer and integer
   while(opcion!=5 &&opcion!=4 &&opcion!=3 &&opcion!=2 &&opcion!=1);
                           ^~
..\TP_[1].c:85:39: warning: comparison between pointer and integer
   while(opcion!=5 &&opcion!=4 &&opcion!=3 &&opcion!=2 &&opcion!=1);
                                       ^~
..\TP_[1].c:85:51: warning: comparison between pointer and integer
   while(opcion!=5 &&opcion!=4 &&opcion!=3 &&opcion!=2 &&opcion!=1);
                                                   ^~
..\TP_[1].c:85:63: warning: comparison between pointer and integer
   while(opcion!=5 &&opcion!=4 &&opcion!=3 &&opcion!=2 &&opcion!=1);
                                                               ^~
..\TP_[1].c:88:12: warning: assignment makes integer from pointer without a cast [-Wint-conversion]
    opcion1 =opcion;
            ^
..\TP_[1].c:203:18: warning: comparison between pointer and integer
  } while (opcion != 5);
                  ^~
08:30:51 **** Incremental Build of configuration Debug for project TP_[1] ****
Info: Internal Builder is used for build
gcc -O0 -g3 -Wall -c -fmessage-length=0 -o TP_[1].o "..\\TP_[1].c" 
..\TP_[1].c: In function 'main':
..\TP_[1].c:82:11: error: assignment to expression with array type
    opcion = ValidarNumero(validacion);
           ^
..\TP_[1].c:85:15: warning: comparison between pointer and integer
   while(opcion!=5 &&opcion!=4 &&opcion!=3 &&opcion!=2 &&opcion!=1);
               ^~
..\TP_[1].c:85:27: warning: comparison between pointer and integer
   while(opcion!=5 &&opcion!=4 &&opcion!=3 &&opcion!=2 &&opcion!=1);
                           ^~
..\TP_[1].c:85:39: warning: comparison between pointer and integer
   while(opcion!=5 &&opcion!=4 &&opcion!=3 &&opcion!=2 &&opcion!=1);
                                       ^~
..\TP_[1].c:85:51: warning: comparison between pointer and integer
   while(opcion!=5 &&opcion!=4 &&opcion!=3 &&opcion!=2 &&opcion!=1);
                                                   ^~
..\TP_[1].c:85:63: warning: comparison between pointer and integer
   while(opcion!=5 &&opcion!=4 &&opcion!=3 &&opcion!=2 &&opcion!=1);
                                                               ^~
..\TP_[1].c:88:12: warning: assignment makes integer from pointer without a cast [-Wint-conversion]
    opcion1 =opcion;
            ^
..\TP_[1].c:203:18: warning: comparison between pointer and integer
  } while (opcion != 5);
                  ^~
08:31:27 **** Incremental Build of configuration Debug for project TP_[1] ****
Info: Internal Builder is used for build
gcc -O0 -g3 -Wall -c -fmessage-length=0 -o TP_[1].o "..\\TP_[1].c" 
..\TP_[1].c: In function 'main':
..\TP_[1].c:86:13: warning: format '%s' expects argument of type 'char *', but argument 2 has type 'int' [-Wformat=]
    printf("%s",opcion);
             ^
gcc -o TP_[1].exe TP_[1].o tp1bibliotecaP.o 
c:/mingw/bin/../lib/gcc/mingw32/6.3.0/../../../../mingw32/bin/ld.exe: cannot open output file TP_[1].exe: Permission denied
collect2.exe: error: ld returned 1 exit status
08:31:52 **** Incremental Build of configuration Debug for project TP_[1] ****
Info: Internal Builder is used for build
gcc -O0 -g3 -Wall -c -fmessage-length=0 -o TP_[1].o "..\\TP_[1].c" 
gcc -o TP_[1].exe TP_[1].o tp1bibliotecaP.o 
c:/mingw/bin/../lib/gcc/mingw32/6.3.0/../../../../mingw32/bin/ld.exe: cannot open output file TP_[1].exe: Permission denied
collect2.exe: error: ld returned 1 exit status
08:31:57 **** Incremental Build of configuration Debug for project TP_[1] ****
Info: Internal Builder is used for build
gcc -o TP_[1].exe TP_[1].o tp1bibliotecaP.o 
Info: Nothing to build for TP_[1]
Info: Nothing to build for TP_[1]
Info: Nothing to build for TP_[1]
08:35:53 **** Incremental Build of configuration Debug for project TP_[1] ****
Info: Internal Builder is used for build
gcc -O0 -g3 -Wall -c -fmessage-length=0 -o TP_[1].o "..\\TP_[1].c" 
gcc -o TP_[1].exe TP_[1].o tp1bibliotecaP.o 
c:/mingw/bin/../lib/gcc/mingw32/6.3.0/../../../../mingw32/bin/ld.exe: cannot open output file TP_[1].exe: Permission denied
collect2.exe: error: ld returned 1 exit status
08:35:55 **** Incremental Build of configuration Debug for project TP_[1] ****
Info: Internal Builder is used for build
gcc -o TP_[1].exe TP_[1].o tp1bibliotecaP.o 
Info: Nothing to build for TP_[1]
18:36:21 **** Incremental Build of configuration Debug for project TP_[1] ****
Info: Internal Builder is used for build
gcc -O0 -g3 -Wall -c -fmessage-length=0 -o TP_[1].o "..\\TP_[1].c" 
gcc -o TP_[1].exe TP_[1].o tp1bibliotecaP.o 
Info: Nothing to build for TP_[1]
18:38:34 **** Incremental Build of configuration Debug for project TP_[1] ****
Info: Internal Builder is used for build
gcc -O0 -g3 -Wall -c -fmessage-length=0 -o TP_[1].o "..\\TP_[1].c" 
..\TP_[1].c: In function 'main':
..\TP_[1].c:111:4: error: expected ';' before 'if'
    if (flagOperandoUno == 1) {
    ^~
..\TP_[1].c:30:6: warning: unused variable 'n' [-Wunused-variable]
  int n;
      ^
18:38:42 **** Incremental Build of configuration Debug for project TP_[1] ****
Info: Internal Builder is used for build
gcc -O0 -g3 -Wall -c -fmessage-length=0 -o TP_[1].o "..\\TP_[1].c" 
gcc -o TP_[1].exe TP_[1].o tp1bibliotecaP.o 
c:/mingw/bin/../lib/gcc/mingw32/6.3.0/../../../../mingw32/bin/ld.exe: cannot open output file TP_[1].exe: Permission denied
collect2.exe: error: ld returned 1 exit status
18:38:47 **** Incremental Build of configuration Debug for project TP_[1] ****
Info: Internal Builder is used for build
gcc -o TP_[1].exe TP_[1].o tp1bibliotecaP.o 
Info: Nothing to build for TP_[1]
Info: Nothing to build for TP_[1]
18:40:43 **** Incremental Build of configuration Debug for project TP_[1] ****
Info: Internal Builder is used for build
gcc -O0 -g3 -Wall -c -fmessage-length=0 -o TP_[1].o "..\\TP_[1].c" 
gcc -o TP_[1].exe TP_[1].o tp1bibliotecaP.o 
c:/mingw/bin/../lib/gcc/mingw32/6.3.0/../../../../mingw32/bin/ld.exe: cannot open output file TP_[1].exe: Permission denied
collect2.exe: error: ld returned 1 exit status
18:40:47 **** Incremental Build of configuration Debug for project TP_[1] ****
Info: Internal Builder is used for build
gcc -o TP_[1].exe TP_[1].o tp1bibliotecaP.o 
20:17:29 **** Incremental Build of configuration Debug for project TP_[1] ****
Info: Internal Builder is used for build
gcc -O0 -g3 -Wall -c -fmessage-length=0 -o TP_[1].o "..\\TP_[1].c" 
..\TP_[1].c: In function 'main':
..\TP_[1].c:81:12: warning: format '%d' expects argument of type 'int *', but argument 2 has type 'int' [-Wformat=]
    scanf("%d", opcion);
            ^
..\TP_[1].c:27:6: warning: unused variable 'opcion1' [-Wunused-variable]
  int opcion1;
      ^~~~~~~
..\TP_[1].c:81:4: warning: 'opcion' is used uninitialized in this function [-Wuninitialized]
    scanf("%d", opcion);
    ^~~~~~~~~~~~~~~~~~~
gcc -o TP_[1].exe TP_[1].o tp1bibliotecaP.o 
c:/mingw/bin/../lib/gcc/mingw32/6.3.0/../../../../mingw32/bin/ld.exe: cannot open output file TP_[1].exe: Permission denied
collect2.exe: error: ld returned 1 exit status
20:17:35 **** Incremental Build of configuration Debug for project TP_[1] ****
Info: Internal Builder is used for build
gcc -o TP_[1].exe TP_[1].o tp1bibliotecaP.o 
20:17:45 **** Incremental Build of configuration Debug for project TP_[1] ****
Info: Internal Builder is used for build
gcc -O0 -g3 -Wall -c -fmessage-length=0 -o TP_[1].o "..\\TP_[1].c" 
..\TP_[1].c: In function 'main':
..\TP_[1].c:81:12: warning: format '%d' expects argument of type 'int *', but argument 2 has type 'int' [-Wformat=]
    scanf("%d", opcion);
            ^
..\TP_[1].c:27:6: warning: unused variable 'opcion1' [-Wunused-variable]
  int opcion1;
      ^~~~~~~
..\TP_[1].c:81:4: warning: 'opcion' is used uninitialized in this function [-Wuninitialized]
    scanf("%d", opcion);
    ^~~~~~~~~~~~~~~~~~~
gcc -o TP_[1].exe TP_[1].o tp1bibliotecaP.o 
20:18:07 **** Incremental Build of configuration Debug for project TP_[1] ****
Info: Internal Builder is used for build
gcc -O0 -g3 -Wall -c -fmessage-length=0 -o TP_[1].o "..\\TP_[1].c" 
gcc -o TP_[1].exe TP_[1].o tp1bibliotecaP.o 
Info: Nothing to build for TP_[1]
20:18:17 **** Incremental Build of configuration Debug for project TP_[1] ****
Info: Internal Builder is used for build
gcc -O0 -g3 -Wall -c -fmessage-length=0 -o TP_[1].o "..\\TP_[1].c" 
gcc -o TP_[1].exe TP_[1].o tp1bibliotecaP.o 
Info: Nothing to build for TP_[1]
Info: Nothing to build for TP_[1]
08:19:20 **** Rebuild of configuration Debug for project TP_[1] ****
Info: Internal Builder is used for build
gcc -O0 -g3 -Wall -c -fmessage-length=0 -o tp1bibliotecaP.o "..\\tp1bibliotecaP.c" 
gcc -O0 -g3 -Wall -c -fmessage-length=0 -o TP_[1].o "..\\TP_[1].c" 
gcc -o TP_[1].exe TP_[1].o tp1bibliotecaP.o 
Info: Nothing to build for TP_[1]
08:26:44 **** Incremental Build of configuration Debug for project TP_[1] ****
Info: Internal Builder is used for build
gcc -O0 -g3 -Wall -c -fmessage-length=0 -o TP_[1].o "..\\TP_[1].c" 
gcc -o TP_[1].exe TP_[1].o tp1bibliotecaP.o 
c:/mingw/bin/../lib/gcc/mingw32/6.3.0/../../../../mingw32/bin/ld.exe: cannot open output file TP_[1].exe: Permission denied
collect2.exe: error: ld returned 1 exit status
08:26:49 **** Incremental Build of configuration Debug for project TP_[1] ****
Info: Internal Builder is used for build
gcc -o TP_[1].exe TP_[1].o tp1bibliotecaP.o 
Info: Nothing to build for TP_[1]
08:37:58 **** Incremental Build of configuration Debug for project TP_[1] ****
Info: Internal Builder is used for build
gcc -O0 -g3 -Wall -c -fmessage-length=0 -o TP_[1].o "..\\TP_[1].c" 
gcc -O0 -g3 -Wall -c -fmessage-length=0 -o tp1bibliotecaP.o "..\\tp1bibliotecaP.c" 
..\tp1bibliotecaP.c:14:6: error: conflicting types for 'MostrarMenu'
 void MostrarMenu(int flagCalculos, int flagOperandoUno,int flagOperandoDOS,float numeroUno,float numeroDOS)
      ^~~~~~~~~~~
In file included from ..\tp1bibliotecaP.c:11:0:
..\tp1bibliotecaP.h:14:6: note: previous declaration of 'MostrarMenu' was here
 void MostrarMenu(int flagcalculos, int flagoperandouno,int flagoperandodos,int numerouno,int numerodos);
      ^~~~~~~~~~~
08:39:15 **** Incremental Build of configuration Debug for project TP_[1] ****
Info: Internal Builder is used for build
gcc -O0 -g3 -Wall -c -fmessage-length=0 -o TP_[1].o "..\\TP_[1].c" 
gcc -O0 -g3 -Wall -c -fmessage-length=0 -o tp1bibliotecaP.o "..\\tp1bibliotecaP.c" 
gcc -o TP_[1].exe TP_[1].o tp1bibliotecaP.o 
c:/mingw/bin/../lib/gcc/mingw32/6.3.0/../../../../mingw32/bin/ld.exe: cannot open output file TP_[1].exe: Permission denied
collect2.exe: error: ld returned 1 exit status
08:39:20 **** Incremental Build of configuration Debug for project TP_[1] ****
Info: Internal Builder is used for build
gcc -o TP_[1].exe TP_[1].o tp1bibliotecaP.o 
09:15:25 **** Rebuild of configuration Debug for project TP_[1] ****
Info: Internal Builder is used for build
gcc -O0 -g3 -Wall -c -fmessage-length=0 -o tp1bibliotecaP.o "..\\tp1bibliotecaP.c" 
In file included from ..\tp1bibliotecaP.c:11:0:
..\tp1bibliotecaP.h:23:5: error: unknown type name 'numeroDOS'
     numeroDOS,int flagCalculos)
     ^~~~~~~~~
..\tp1bibliotecaP.c:15:5: error: unknown type name 'numeroDOS'
     numeroDOS,int flagCalculos)
     ^~~~~~~~~
09:15:46 **** Incremental Build of configuration Debug for project TP_[1] ****
Info: Internal Builder is used for build
gcc -O0 -g3 -Wall -c -fmessage-length=0 -o tp1bibliotecaP.o "..\\tp1bibliotecaP.c" 
..\tp1bibliotecaP.c: In function 'RealizacionDeCalculos':
..\tp1bibliotecaP.c:15:5: error: unknown type name 'numeroDOS'
     numeroDOS,int flagCalculos)
     ^~~~~~~~~
..\tp1bibliotecaP.c:28:1: error: expected '=', ',', ';', 'asm' or '__attribute__' before '{' token
 {
 ^
..\tp1bibliotecaP.c:70:1: error: expected '=', ',', ';', 'asm' or '__attribute__' before '{' token
 {
 ^
..\tp1bibliotecaP.c:97:1: error: expected '=', ',', ';', 'asm' or '__attribute__' before '{' token
 {
 ^
..\tp1bibliotecaP.c:105:1: error: expected '=', ',', ';', 'asm' or '__attribute__' before '{' token
 {
 ^
..\tp1bibliotecaP.c:112:1: error: expected '=', ',', ';', 'asm' or '__attribute__' before '{' token
 {
 ^
..\tp1bibliotecaP.c:119:1: error: expected '=', ',', ';', 'asm' or '__attribute__' before '{' token
 {
 ^
..\tp1bibliotecaP.c:132:1: error: expected '=', ',', ';', 'asm' or '__attribute__' before '{' token
 {
 ^
..\tp1bibliotecaP.c:147:1: error: expected '=', ',', ';', 'asm' or '__attribute__' before '{' token
 {
 ^
..\tp1bibliotecaP.c:172:1: error: expected '=', ',', ';', 'asm' or '__attribute__' before '{' token
 {
 ^
In file included from ..\tp1bibliotecaP.c:11:0:
..\tp1bibliotecaP.h:21:6: error: old-style parameter declarations in prototyped function definition
 void RealizacionDeCalculos(float sumaUno, float restaUno, float multiplicacionUno,
      ^~~~~~~~~~~~~~~~~~~~~
..\tp1bibliotecaP.c:177:1: error: expected '{' at end of input
 }
 ^
09:16:26 **** Incremental Build of configuration Debug for project TP_[1] ****
Info: Internal Builder is used for build
gcc -O0 -g3 -Wall -c -fmessage-length=0 -o TP_[1].o "..\\TP_[1].c" 
..\TP_[1].c: In function 'RealizacionDeCalculos':
..\TP_[1].c:24:1: error: expected '=', ',', ';', 'asm' or '__attribute__' before '{' token
 {
 ^
In file included from ..\TP_[1].c:21:0:
..\tp1bibliotecaP.h:21:6: error: old-style parameter declarations in prototyped function definition
 void RealizacionDeCalculos(float sumaUno, float restaUno, float multiplicacionUno,
      ^~~~~~~~~~~~~~~~~~~~~
..\TP_[1].c:185:1: error: expected '{' at end of input
 }
 ^
09:17:21 **** Incremental Build of configuration Debug for project TP_[1] ****
Info: Internal Builder is used for build
gcc -O0 -g3 -Wall -c -fmessage-length=0 -o TP_[1].o "..\\TP_[1].c" 
..\TP_[1].c: In function 'RealizacionDeCalculos':
..\TP_[1].c:24:1: error: expected '=', ',', ';', 'asm' or '__attribute__' before '{' token
 {
 ^
In file included from ..\TP_[1].c:21:0:
..\tp1bibliotecaP.h:21:6: error: old-style parameter declarations in prototyped function definition
 void RealizacionDeCalculos(float sumaUno, float restaUno, float multiplicacionUno,
      ^~~~~~~~~~~~~~~~~~~~~
..\TP_[1].c:185:1: error: expected '{' at end of input
 }
 ^
09:20:37 **** Incremental Build of configuration Debug for project TP_[1] ****
Info: Internal Builder is used for build
gcc -O0 -g3 -Wall -c -fmessage-length=0 -o TP_[1].o "..\\TP_[1].c" 
..\TP_[1].c: In function 'main':
..\TP_[1].c:105:4: warning: 'sumaUno' may be used uninitialized in this function [-Wmaybe-uninitialized]
    RealizacionDeCalculos(sumaUno,  restaUno,  multiplicacionUno,
    ^~~~~~~~~~~~~~~~~~~~~~~~~~~~~~~~~~~~~~~~~~~~~~~~~~~~~~~~~~~~~
          divisionUno,  factorizacionUno,  factorizacionDos,  numeroUno,
          ~~~~~~~~~~~~~~~~~~~~~~~~~~~~~~~~~~~~~~~~~~~~~~~~~~~~~~~~~~~~~~
         numeroDOS, flagCalculos);
         ~~~~~~~~~~~~~~~~~~~~~~~~
..\TP_[1].c:105:4: warning: 'restaUno' may be used uninitialized in this function [-Wmaybe-uninitialized]
..\TP_[1].c:105:4: warning: 'multiplicacionUno' may be used uninitialized in this function [-Wmaybe-uninitialized]
..\TP_[1].c:105:4: warning: 'divisionUno' may be used uninitialized in this function [-Wmaybe-uninitialized]
..\TP_[1].c:105:4: warning: 'factorizacionUno' may be used uninitialized in this function [-Wmaybe-uninitialized]
..\TP_[1].c:105:4: warning: 'factorizacionDos' may be used uninitialized in this function [-Wmaybe-uninitialized]
gcc -O0 -g3 -Wall -c -fmessage-length=0 -o tp1bibliotecaP.o "..\\tp1bibliotecaP.c" 
gcc -o TP_[1].exe TP_[1].o tp1bibliotecaP.o 
Info: Nothing to build for TP_[1]
Info: Nothing to build for TP_[1]
Info: Nothing to build for TP_[1]
09:23:56 **** Incremental Build of configuration Debug for project TP_[1] ****
Info: Internal Builder is used for build
gcc -O0 -g3 -Wall -c -fmessage-length=0 -o TP_[1].o "..\\TP_[1].c" 
gcc -O0 -g3 -Wall -c -fmessage-length=0 -o tp1bibliotecaP.o "..\\tp1bibliotecaP.c" 
gcc -o TP_[1].exe TP_[1].o tp1bibliotecaP.o 
c:/mingw/bin/../lib/gcc/mingw32/6.3.0/../../../../mingw32/bin/ld.exe: cannot open output file TP_[1].exe: Permission denied
collect2.exe: error: ld returned 1 exit status
09:24:01 **** Incremental Build of configuration Debug for project TP_[1] ****
Info: Internal Builder is used for build
gcc -o TP_[1].exe TP_[1].o tp1bibliotecaP.o 
Info: Nothing to build for TP_[1]
Info: Nothing to build for TP_[1]
Info: Nothing to build for TP_[1]
Info: Nothing to build for TP_[1]
09:43:20 **** Incremental Build of configuration Debug for project TP_[1] ****
Info: Internal Builder is used for build
gcc -O0 -g3 -Wall -c -fmessage-length=0 -o tp1bibliotecaP.o "..\\tp1bibliotecaP.c" 
..\tp1bibliotecaP.c:135:8: error: conflicting types for 'calcularFactorial'
 double calcularFactorial(float numero)    // factorial
        ^~~~~~~~~~~~~~~~~
In file included from ..\tp1bibliotecaP.c:11:0:
..\tp1bibliotecaP.h:56:7: note: previous declaration of 'calcularFactorial' was here
 float calcularFactorial(float);
       ^~~~~~~~~~~~~~~~~
09:43:40 **** Incremental Build of configuration Debug for project TP_[1] ****
Info: Internal Builder is used for build
gcc -O0 -g3 -Wall -c -fmessage-length=0 -o TP_[1].o "..\\TP_[1].c" 
gcc -O0 -g3 -Wall -c -fmessage-length=0 -o tp1bibliotecaP.o "..\\tp1bibliotecaP.c" 
gcc -o TP_[1].exe TP_[1].o tp1bibliotecaP.o 
c:/mingw/bin/../lib/gcc/mingw32/6.3.0/../../../../mingw32/bin/ld.exe: cannot open output file TP_[1].exe: Permission denied
collect2.exe: error: ld returned 1 exit status
09:43:45 **** Incremental Build of configuration Debug for project TP_[1] ****
Info: Internal Builder is used for build
gcc -o TP_[1].exe TP_[1].o tp1bibliotecaP.o 
09:46:06 **** Incremental Build of configuration Debug for project TP_[1] ****
Info: Internal Builder is used for build
gcc -O0 -g3 -Wall -c -fmessage-length=0 -o tp1bibliotecaP.o "..\\tp1bibliotecaP.c" 
..\tp1bibliotecaP.c: In function 'ValidarNumeroEntero':
..\tp1bibliotecaP.c:61:13: error: called object 'strlen' is not a function or function pointer
  int strlen=strlen(numero);
             ^~~~~~
..\tp1bibliotecaP.c:61:6: note: declared here
  int strlen=strlen(numero);
      ^~~~~~
09:46:22 **** Incremental Build of configuration Debug for project TP_[1] ****
Info: Internal Builder is used for build
gcc -O0 -g3 -Wall -c -fmessage-length=0 -o tp1bibliotecaP.o "..\\tp1bibliotecaP.c" 
..\tp1bibliotecaP.c: In function 'ValidarNumeroEntero':
..\tp1bibliotecaP.c:65:16: warning: comparison between pointer and integer
  for (i = 0; i < strlen; i++)
                ^
..\tp1bibliotecaP.c:61:6: warning: unused variable 'len' [-Wunused-variable]
  int len =strlen(numero);
      ^~~
gcc -o TP_[1].exe TP_[1].o tp1bibliotecaP.o 
c:/mingw/bin/../lib/gcc/mingw32/6.3.0/../../../../mingw32/bin/ld.exe: cannot open output file TP_[1].exe: Permission denied
collect2.exe: error: ld returned 1 exit status
09:46:39 **** Incremental Build of configuration Debug for project TP_[1] ****
Info: Internal Builder is used for build
gcc -O0 -g3 -Wall -c -fmessage-length=0 -o tp1bibliotecaP.o "..\\tp1bibliotecaP.c" 
gcc -o TP_[1].exe TP_[1].o tp1bibliotecaP.o 
c:/mingw/bin/../lib/gcc/mingw32/6.3.0/../../../../mingw32/bin/ld.exe: cannot open output file TP_[1].exe: Permission denied
collect2.exe: error: ld returned 1 exit status
